-------------------------------------------------------------------------------
Test set: com.py.columbia.pr2.nildandrergio.springrestpaises.SpringRestPaisesApplicationTests
-------------------------------------------------------------------------------
Tests run: 1, Failures: 0, Errors: 1, Skipped: 0, Time elapsed: 5.582 s <<< FAILURE! - in com.py.columbia.pr2.nildandrergio.springrestpaises.SpringRestPaisesApplicationTests
contextLoads(com.py.columbia.pr2.nildandrergio.springrestpaises.SpringRestPaisesApplicationTests)  Time elapsed: 0.002 s  <<< ERROR!
java.lang.IllegalStateException: Failed to load ApplicationContext
Caused by: org.springframework.beans.factory.UnsatisfiedDependencyException: Error creating bean with name 'departamentoController' defined in file [E:\ANDREA\Fuckq\4to\pr2\proyecto\springrest_pais_departamento\target\classes\com\py\columbia\pr2\nildandrergio\springrestpaises\controller\DepartamentoController.class]: Unsatisfied dependency expressed through constructor parameter 0; nested exception is org.springframework.beans.factory.BeanCreationException: Error creating bean with name 'departamentoRepository': Invocation of init method failed; nested exception is java.lang.IllegalArgumentException: Failed to create query for method public abstract java.util.List com.py.columbia.pr2.nildandrergio.springrestpaises.repository.DepartamentoRepository.FindByPaisId(java.lang.Long)! No property findByPaisId found for type Departamento!
Caused by: org.springframework.beans.factory.BeanCreationException: Error creating bean with name 'departamentoRepository': Invocation of init method failed; nested exception is java.lang.IllegalArgumentException: Failed to create query for method public abstract java.util.List com.py.columbia.pr2.nildandrergio.springrestpaises.repository.DepartamentoRepository.FindByPaisId(java.lang.Long)! No property findByPaisId found for type Departamento!
Caused by: java.lang.IllegalArgumentException: Failed to create query for method public abstract java.util.List com.py.columbia.pr2.nildandrergio.springrestpaises.repository.DepartamentoRepository.FindByPaisId(java.lang.Long)! No property findByPaisId found for type Departamento!
Caused by: org.springframework.data.mapping.PropertyReferenceException: No property findByPaisId found for type Departamento!

